[2026-06-17T12:25:04.740Z] [GET_NOTIF] Yêu cầu lấy thông báo. User: AD01, Role: admin, isAdmin: true
[2026-06-17T12:25:04.747Z] [GET_NOTIF] Trả về thành công 0 thông báo.
[2026-06-17T12:25:04.755Z] [GET_NOTIF] Yêu cầu lấy thông báo. User: AD01, Role: admin, isAdmin: true
[2026-06-17T12:25:04.757Z] [GET_NOTIF] Trả về thành công 0 thông báo.
[2026-06-17T12:25:18.266Z] [GET_NOTIF] Yêu cầu lấy thông báo. User: AD01, Role: admin, isAdmin: true
[2026-06-17T12:25:18.269Z] [GET_NOTIF] Trả về thành công 0 thông báo.
[2026-06-17T12:25:19.402Z] [GET_NOTIF] Yêu cầu lấy thông báo. User: AD01, Role: admin, isAdmin: true
[2026-06-17T12:25:19.403Z] [GET_NOTIF] Trả về thành công 0 thông báo.
[2026-06-17T12:25:35.079Z] [GET_NOTIF] Yêu cầu lấy thông báo. User: AD01, Role: admin, isAdmin: true
[2026-06-17T12:25:35.081Z] [GET_NOTIF] Trả về thành công 0 thông báo.
[2026-06-17T12:25:57.425Z] [GET_NOTIF] Yêu cầu lấy thông báo. User: AD01, Role: admin, isAdmin: true
[2026-06-17T12:25:57.427Z] [GET_NOTIF] Trả về thành công 0 thông báo.
[2026-06-17T12:26:04.751Z] [GET_NOTIF] Yêu cầu lấy thông báo. User: AD01, Role: admin, isAdmin: true
[2026-06-17T12:26:04.752Z] [GET_NOTIF] Trả về thành công 0 thông báo.
[2026-06-17T12:26:21.973Z] [GET_NOTIF] Yêu cầu lấy thông báo. User: AD01, Role: admin, isAdmin: true
[2026-06-17T12:26:22.036Z] [GET_NOTIF] Trả về thành công 0 thông báo.
[2026-06-17T12:26:35.079Z] [GET_NOTIF] Yêu cầu lấy thông báo. User: AD01, Role: admin, isAdmin: true
[2026-06-17T12:26:35.082Z] [GET_NOTIF] Trả về thành công 0 thông báo.
[2026-06-17T12:27:04.771Z] [GET_NOTIF] Yêu cầu lấy thông báo. User: AD01, Role: admin, isAdmin: true
[2026-06-17T12:27:04.777Z] [GET_NOTIF] Trả về thành công 0 thông báo.
[2026-06-17T12:27:11.697Z] [GET_NOTIF] Yêu cầu lấy thông báo. User: AD01, Role: admin, isAdmin: true
[2026-06-17T12:27:11.702Z] [GET_NOTIF] Trả về thành công 0 thông báo.
[2026-06-17T12:27:11.705Z] [GET_NOTIF] Yêu cầu lấy thông báo. User: AD01, Role: admin, isAdmin: true
[2026-06-17T12:27:11.707Z] [GET_NOTIF] Trả về thành công 0 thông báo.
[2026-06-17T12:27:41.704Z] [GET_NOTIF] Yêu cầu lấy thông báo. User: AD01, Role: admin, isAdmin: true
[2026-06-17T12:27:41.708Z] [GET_NOTIF] Trả về thành công 0 thông báo.
[2026-06-17T12:28:12.074Z] [GET_NOTIF] Yêu cầu lấy thông báo. User: AD01, Role: admin, isAdmin: true
[2026-06-17T12:28:12.076Z] [GET_NOTIF] Trả về thành công 0 thông báo.
[2026-06-17T12:28:41.708Z] [GET_NOTIF] Yêu cầu lấy thông báo. User: AD01, Role: admin, isAdmin: true
[2026-06-17T12:28:41.709Z] [GET_NOTIF] Trả về thành công 0 thông báo.
[2026-06-17T12:29:11.721Z] [GET_NOTIF] Yêu cầu lấy thông báo. User: AD01, Role: admin, isAdmin: true
[2026-06-17T12:29:11.728Z] [GET_NOTIF] Trả về thành công 0 thông báo.
[2026-06-17T12:29:41.708Z] [GET_NOTIF] Yêu cầu lấy thông báo. User: AD01, Role: admin, isAdmin: true
[2026-06-17T12:29:41.711Z] [GET_NOTIF] Trả về thành công 0 thông báo.
[2026-06-17T12:30:11.716Z] [GET_NOTIF] Yêu cầu lấy thông báo. User: AD01, Role: admin, isAdmin: true
[2026-06-17T12:30:11.722Z] [GET_NOTIF] Trả về thành công 0 thông báo.
[2026-06-17T14:05:30.816Z] [GET_NOTIF] Yêu cầu lấy thông báo. User: AD01, Role: admin, isAdmin: true
[2026-06-17T14:05:30.833Z] [GET_NOTIF] Trả về thành công 0 thông báo.
[2026-06-17T14:05:30.848Z] [GET_NOTIF] Yêu cầu lấy thông báo. User: AD01, Role: admin, isAdmin: true
[2026-06-17T14:05:30.952Z] [GET_NOTIF] Trả về thành công 0 thông báo.
[2026-06-17T14:05:59.965Z] [GET_NOTIF] Yêu cầu lấy thông báo. User: AD01, Role: admin, isAdmin: true
[2026-06-17T14:05:59.969Z] [GET_NOTIF] Trả về thành công 0 thông báo.
[2026-06-17T14:06:29.978Z] [GET_NOTIF] Yêu cầu lấy thông báo. User: AD01, Role: admin, isAdmin: true
[2026-06-17T14:06:29.982Z] [GET_NOTIF] Trả về thành công 0 thông báo.
[2026-06-17T14:06:59.968Z] [GET_NOTIF] Yêu cầu lấy thông báo. User: AD01, Role: admin, isAdmin: true
[2026-06-17T14:06:59.974Z] [GET_NOTIF] Trả về thành công 0 thông báo.
[2026-06-17T14:07:29.966Z] [GET_NOTIF] Yêu cầu lấy thông báo. User: AD01, Role: admin, isAdmin: true
[2026-06-17T14:07:29.969Z] [GET_NOTIF] Trả về thành công 0 thông báo.
[2026-06-17T14:07:59.969Z] [GET_NOTIF] Yêu cầu lấy thông báo. User: AD01, Role: admin, isAdmin: true
[2026-06-17T14:07:59.975Z] [GET_NOTIF] Trả về thành công 0 thông báo.
[2026-06-17T14:08:30.176Z] [GET_NOTIF] Yêu cầu lấy thông báo. User: AD01, Role: admin, isAdmin: true
[2026-06-17T14:08:30.179Z] [GET_NOTIF] Trả về thành công 0 thông báo.
[2026-06-17T14:09:00.173Z] [GET_NOTIF] Yêu cầu lấy thông báo. User: AD01, Role: admin, isAdmin: true
[2026-06-17T14:09:00.176Z] [GET_NOTIF] Trả về thành công 0 thông báo.
[2026-06-17T14:09:30.168Z] [GET_NOTIF] Yêu cầu lấy thông báo. User: AD01, Role: admin, isAdmin: true
[2026-06-17T14:09:30.171Z] [GET_NOTIF] Trả về thành công 0 thông báo.
[2026-06-17T14:10:21.196Z] [GET_NOTIF] Yêu cầu lấy thông báo. User: AD01, Role: admin, isAdmin: true
[2026-06-17T14:10:21.253Z] [GET_NOTIF] Trả về thành công 0 thông báo.
[2026-06-17T14:10:29.614Z] [GET_NOTIF] Yêu cầu lấy thông báo. User: AD01, Role: admin, isAdmin: true
[2026-06-17T14:10:29.619Z] [GET_NOTIF] Trả về thành công 0 thông báo.
[2026-06-17T14:10:29.625Z] [GET_NOTIF] Yêu cầu lấy thông báo. User: AD01, Role: admin, isAdmin: true
[2026-06-17T14:10:29.684Z] [GET_NOTIF] Trả về thành công 0 thông báo.
[2026-06-17T14:10:59.636Z] [GET_NOTIF] Yêu cầu lấy thông báo. User: AD01, Role: admin, isAdmin: true
[2026-06-17T14:10:59.640Z] [GET_NOTIF] Trả về thành công 0 thông báo.
[2026-06-17T14:11:29.634Z] [GET_NOTIF] Yêu cầu lấy thông báo. User: AD01, Role: admin, isAdmin: true
[2026-06-17T14:11:29.638Z] [GET_NOTIF] Trả về thành công 0 thông báo.
[2026-06-17T14:11:59.638Z] [GET_NOTIF] Yêu cầu lấy thông báo. User: AD01, Role: admin, isAdmin: true
[2026-06-17T14:11:59.642Z] [GET_NOTIF] Trả về thành công 0 thông báo.
[2026-06-17T14:12:29.632Z] [GET_NOTIF] Yêu cầu lấy thông báo. User: AD01, Role: admin, isAdmin: true
[2026-06-17T14:12:29.635Z] [GET_NOTIF] Trả về thành công 0 thông báo.
[2026-06-17T14:13:00.171Z] [GET_NOTIF] Yêu cầu lấy thông báo. User: AD01, Role: admin, isAdmin: true
[2026-06-17T14:13:00.227Z] [GET_NOTIF] Trả về thành công 0 thông báo.
[2026-06-17T14:13:29.628Z] [GET_NOTIF] Yêu cầu lấy thông báo. User: AD01, Role: admin, isAdmin: true
[2026-06-17T14:13:29.631Z] [GET_NOTIF] Trả về thành công 0 thông báo.
[2026-06-17T14:14:00.178Z] [GET_NOTIF] Yêu cầu lấy thông báo. User: AD01, Role: admin, isAdmin: true
[2026-06-17T14:14:00.247Z] [GET_NOTIF] Trả về thành công 0 thông báo.
[2026-06-17T14:14:29.640Z] [GET_NOTIF] Yêu cầu lấy thông báo. User: AD01, Role: admin, isAdmin: true
[2026-06-17T14:14:29.699Z] [GET_NOTIF] Trả về thành công 0 thông báo.
[2026-06-17T14:14:32.338Z] [GET_NOTIF] Yêu cầu lấy thông báo. User: AD01, Role: admin, isAdmin: true
[2026-06-17T14:14:32.340Z] [GET_NOTIF] Trả về thành công 0 thông báo.
[2026-06-17T14:14:32.344Z] [GET_NOTIF] Yêu cầu lấy thông báo. User: AD01, Role: admin, isAdmin: true
[2026-06-17T14:14:32.351Z] [GET_NOTIF] Trả về thành công 0 thông báo.
[2026-06-17T14:15:02.433Z] [GET_NOTIF] Yêu cầu lấy thông báo. User: AD01, Role: admin, isAdmin: true
[2026-06-17T14:15:02.441Z] [GET_NOTIF] Trả về thành công 0 thông báo.
[2026-06-17T14:15:33.178Z] [GET_NOTIF] Yêu cầu lấy thông báo. User: AD01, Role: admin, isAdmin: true
[2026-06-17T14:15:33.258Z] [GET_NOTIF] Trả về thành công 0 thông báo.
[2026-06-17T14:16:03.168Z] [GET_NOTIF] Yêu cầu lấy thông báo. User: AD01, Role: admin, isAdmin: true
[2026-06-17T14:16:03.170Z] [GET_NOTIF] Trả về thành công 0 thông báo.
[2026-06-17T14:16:32.360Z] [GET_NOTIF] Yêu cầu lấy thông báo. User: AD01, Role: admin, isAdmin: true
[2026-06-17T14:16:32.363Z] [GET_NOTIF] Trả về thành công 0 thông báo.
[2026-06-17T14:17:03.173Z] [GET_NOTIF] Yêu cầu lấy thông báo. User: AD01, Role: admin, isAdmin: true
[2026-06-17T14:17:03.179Z] [GET_NOTIF] Trả về thành công 0 thông báo.
[2026-06-17T14:17:32.360Z] [GET_NOTIF] Yêu cầu lấy thông báo. User: AD01, Role: admin, isAdmin: true
[2026-06-17T14:17:32.363Z] [GET_NOTIF] Trả về thành công 0 thông báo.
[2026-06-17T14:18:03.175Z] [GET_NOTIF] Yêu cầu lấy thông báo. User: AD01, Role: admin, isAdmin: true
[2026-06-17T14:18:03.177Z] [GET_NOTIF] Trả về thành công 0 thông báo.
[2026-06-17T14:18:32.361Z] [GET_NOTIF] Yêu cầu lấy thông báo. User: AD01, Role: admin, isAdmin: true
[2026-06-17T14:18:32.377Z] [GET_NOTIF] Trả về thành công 0 thông báo.
[2026-06-17T14:18:59.330Z] [GET_NOTIF] Yêu cầu lấy thông báo. User: AU01, Role: author, isAdmin: false
[2026-06-17T14:18:59.339Z] [GET_NOTIF] Trả về thành công 0 thông báo.
[2026-06-17T14:18:59.347Z] [GET_NOTIF] Yêu cầu lấy thông báo. User: AU01, Role: author, isAdmin: false
[2026-06-17T14:18:59.350Z] [GET_NOTIF] Trả về thành công 0 thông báo.
[2026-06-17T14:19:29.330Z] [GET_NOTIF] Yêu cầu lấy thông báo. User: AU01, Role: author, isAdmin: false
[2026-06-17T14:19:29.334Z] [GET_NOTIF] Trả về thành công 0 thông báo.
[2026-06-17T14:20:00.172Z] [GET_NOTIF] Yêu cầu lấy thông báo. User: AU01, Role: author, isAdmin: false
[2026-06-17T14:20:00.175Z] [GET_NOTIF] Trả về thành công 0 thông báo.
[2026-06-17T14:20:30.173Z] [GET_NOTIF] Yêu cầu lấy thông báo. User: AU01, Role: author, isAdmin: false
[2026-06-17T14:20:30.176Z] [GET_NOTIF] Trả về thành công 0 thông báo.
[2026-06-17T14:21:00.176Z] [GET_NOTIF] Yêu cầu lấy thông báo. User: AU01, Role: author, isAdmin: false
[2026-06-17T14:21:00.179Z] [GET_NOTIF] Trả về thành công 0 thông báo.
[2026-06-17T14:21:30.179Z] [GET_NOTIF] Yêu cầu lấy thông báo. User: AU01, Role: author, isAdmin: false
[2026-06-17T14:21:30.181Z] [GET_NOTIF] Trả về thành công 0 thông báo.
[2026-06-17T14:22:00.175Z] [GET_NOTIF] Yêu cầu lấy thông báo. User: AU01, Role: author, isAdmin: false
[2026-06-17T14:22:00.178Z] [GET_NOTIF] Trả về thành công 0 thông báo.
[2026-06-17T14:22:36.258Z] [GET_NOTIF] Yêu cầu lấy thông báo. User: AU01, Role: author, isAdmin: false
[2026-06-17T14:22:36.344Z] [GET_NOTIF] Trả về thành công 0 thông báo.
[2026-06-17T14:23:00.174Z] [GET_NOTIF] Yêu cầu lấy thông báo. User: AU01, Role: author, isAdmin: false
[2026-06-17T14:23:00.176Z] [GET_NOTIF] Trả về thành công 0 thông báo.
[2026-06-17T14:23:30.166Z] [GET_NOTIF] Yêu cầu lấy thông báo. User: AU01, Role: author, isAdmin: false
[2026-06-17T14:23:30.169Z] [GET_NOTIF] Trả về thành công 0 thông báo.
[2026-06-17T14:24:10.177Z] [GET_NOTIF] Yêu cầu lấy thông báo. User: AU01, Role: author, isAdmin: false
[2026-06-17T14:24:10.248Z] [GET_NOTIF] Trả về thành công 0 thông báo.
[2026-06-17T14:24:29.340Z] [GET_NOTIF] Yêu cầu lấy thông báo. User: AU01, Role: author, isAdmin: false
[2026-06-17T14:24:29.344Z] [GET_NOTIF] Trả về thành công 0 thông báo.
[2026-06-17T14:24:59.330Z] [GET_NOTIF] Yêu cầu lấy thông báo. User: AU01, Role: author, isAdmin: false
[2026-06-17T14:24:59.335Z] [GET_NOTIF] Trả về thành công 0 thông báo.
[2026-06-17T14:25:00.175Z] [GET_NOTIF] Yêu cầu lấy thông báo. User: AU01, Role: author, isAdmin: false
[2026-06-17T14:25:00.179Z] [GET_NOTIF] Trả về thành công 0 thông báo.
[2026-06-17T14:25:30.168Z] [GET_NOTIF] Yêu cầu lấy thông báo. User: AU01, Role: author, isAdmin: false
[2026-06-17T14:25:30.171Z] [GET_NOTIF] Trả về thành công 0 thông báo.
[2026-06-17T14:26:00.164Z] [GET_NOTIF] Yêu cầu lấy thông báo. User: AU01, Role: author, isAdmin: false
[2026-06-17T14:26:00.167Z] [GET_NOTIF] Trả về thành công 0 thông báo.
[2026-06-17T14:26:56.166Z] [GET_NOTIF] Yêu cầu lấy thông báo. User: AU01, Role: author, isAdmin: false
[2026-06-17T14:26:56.237Z] [GET_NOTIF] Trả về thành công 0 thông báo.
[2026-06-17T14:27:56.178Z] [GET_NOTIF] Yêu cầu lấy thông báo. User: AU01, Role: author, isAdmin: false
[2026-06-17T14:27:56.245Z] [GET_NOTIF] Trả về thành công 0 thông báo.
[2026-06-17T14:28:56.169Z] [GET_NOTIF] Yêu cầu lấy thông báo. User: AU01, Role: author, isAdmin: false
[2026-06-17T14:28:56.238Z] [GET_NOTIF] Trả về thành công 0 thông báo.
[2026-06-17T14:29:56.171Z] [GET_NOTIF] Yêu cầu lấy thông báo. User: AU01, Role: author, isAdmin: false
[2026-06-17T14:29:56.242Z] [GET_NOTIF] Trả về thành công 0 thông báo.
[2026-06-17T14:30:42.136Z] [GET_NOTIF] Yêu cầu lấy thông báo. User: AU01, Role: author, isAdmin: false
[2026-06-17T14:30:42.208Z] [GET_NOTIF] Trả về thành công 0 thông báo.
[2026-06-17T14:34:21.924Z] [GET_NOTIF] Yêu cầu lấy thông báo. User: AU01, Role: author, isAdmin: false
[2026-06-17T14:34:21.935Z] [GET_NOTIF] Trả về thành công 0 thông báo.
[2026-06-17T14:34:21.944Z] [GET_NOTIF] Yêu cầu lấy thông báo. User: AU01, Role: author, isAdmin: false
[2026-06-17T14:34:21.948Z] [GET_NOTIF] Trả về thành công 0 thông báo.
[2026-06-17T14:34:40.425Z] [GET_NOTIF] Yêu cầu lấy thông báo. User: AU01, Role: author, isAdmin: false
[2026-06-17T14:34:40.429Z] [GET_NOTIF] Trả về thành công 0 thông báo.
[2026-06-17T14:34:40.432Z] [GET_NOTIF] Yêu cầu lấy thông báo. User: AU01, Role: author, isAdmin: false
[2026-06-17T14:34:40.435Z] [GET_NOTIF] Trả về thành công 0 thông báo.
[2026-06-17T15:29:44.141Z] [COMMENT] Bắt đầu xử lý gửi thông báo. Commenter: AU01, Role: author, Story: "Trường Phong Vấn Nguyệt" (ID: NOV03), Author: AU01
[2026-06-17T15:29:44.143Z] [COMMENT] Bình luận cấp 1 (Không có parentId)
[2026-06-17T15:29:44.144Z] [COMMENT] Người bình luận có phải tác giả truyện không? true (Commenter: AU01, Author: AU01)
[2026-06-17T16:05:05.200Z] [GET_NOTIF] Yêu cầu lấy thông báo. User: AU01, Role: author, isAdmin: false
[2026-06-17T16:05:05.207Z] [GET_NOTIF] Trả về thành công 0 thông báo.
[2026-06-17T16:05:05.212Z] [GET_NOTIF] Yêu cầu lấy thông báo. User: AU01, Role: author, isAdmin: false
[2026-06-17T16:05:05.215Z] [GET_NOTIF] Trả về thành công 0 thông báo.
[2026-06-17T16:05:13.847Z] [GET_NOTIF] Yêu cầu lấy thông báo. User: AU01, Role: author, isAdmin: false
[2026-06-17T16:05:13.851Z] [GET_NOTIF] Trả về thành công 0 thông báo.
[2026-06-17T16:05:13.855Z] [GET_NOTIF] Yêu cầu lấy thông báo. User: AU01, Role: author, isAdmin: false
[2026-06-17T16:05:13.859Z] [GET_NOTIF] Trả về thành công 0 thông báo.
[2026-06-30T16:04:44.547Z] [GET_NOTIF] Yêu cầu lấy thông báo. User: AD01, Role: admin, isAdmin: true
[2026-06-30T16:04:44.674Z] [GET_NOTIF] Yêu cầu lấy thông báo. User: AD01, Role: admin, isAdmin: true
[2026-06-30T16:04:44.819Z] [GET_NOTIF] Yêu cầu lấy thông báo. User: AD01, Role: admin, isAdmin: true
[2026-06-30T16:04:46.465Z] [GET_NOTIF] Trả về thành công 0 thông báo.
[2026-06-30T16:04:46.578Z] [GET_NOTIF] Trả về thành công 0 thông báo.
[2026-06-30T16:04:46.604Z] [GET_NOTIF] Trả về thành công 0 thông báo.
[2026-06-30T16:04:46.609Z] [GET_NOTIF] Yêu cầu lấy thông báo. User: AD01, Role: admin, isAdmin: true
[2026-06-30T16:04:46.865Z] [GET_NOTIF] Trả về thành công 0 thông báo.
[2026-06-30T16:05:05.150Z] [GET_NOTIF] Yêu cầu lấy thông báo. User: AD01, Role: admin, isAdmin: true
[2026-06-30T16:05:05.405Z] [GET_NOTIF] Trả về thành công 0 thông báo.
[2026-06-30T16:05:05.409Z] [GET_NOTIF] Yêu cầu lấy thông báo. User: AD01, Role: admin, isAdmin: true
[2026-06-30T16:05:05.650Z] [GET_NOTIF] Trả về thành công 0 thông báo.
[2026-06-30T16:05:11.048Z] [GET_NOTIF] Yêu cầu lấy thông báo. User: AD01, Role: admin, isAdmin: true
[2026-06-30T16:05:11.116Z] [GET_NOTIF] Yêu cầu lấy thông báo. User: AD01, Role: admin, isAdmin: true
[2026-06-30T16:05:11.241Z] [GET_NOTIF] Yêu cầu lấy thông báo. User: AD01, Role: admin, isAdmin: true
[2026-06-30T16:05:11.293Z] [GET_NOTIF] Trả về thành công 0 thông báo.
[2026-06-30T16:05:11.352Z] [GET_NOTIF] Trả về thành công 0 thông báo.
[2026-06-30T16:05:12.659Z] [GET_NOTIF] Yêu cầu lấy thông báo. User: AD01, Role: admin, isAdmin: true
[2026-06-30T16:05:12.901Z] [GET_NOTIF] Trả về thành công 0 thông báo.
[2026-06-30T16:05:12.905Z] [GET_NOTIF] Yêu cầu lấy thông báo. User: AD01, Role: admin, isAdmin: true
[2026-06-30T16:05:13.151Z] [GET_NOTIF] Trả về thành công 0 thông báo.
[2026-06-30T16:05:13.184Z] [GET_NOTIF] Trả về thành công 0 thông báo.
[2026-06-30T16:05:14.003Z] [GET_NOTIF] Yêu cầu lấy thông báo. User: AD01, Role: admin, isAdmin: true
[2026-06-30T16:05:14.245Z] [GET_NOTIF] Trả về thành công 0 thông báo.
[2026-06-30T16:05:14.252Z] [GET_NOTIF] Yêu cầu lấy thông báo. User: AD01, Role: admin, isAdmin: true
[2026-06-30T16:05:14.491Z] [GET_NOTIF] Trả về thành công 0 thông báo.
[2026-06-30T16:05:15.294Z] [GET_NOTIF] Yêu cầu lấy thông báo. User: AD01, Role: admin, isAdmin: true
[2026-06-30T16:05:15.533Z] [GET_NOTIF] Trả về thành công 0 thông báo.
[2026-06-30T16:05:15.537Z] [GET_NOTIF] Yêu cầu lấy thông báo. User: AD01, Role: admin, isAdmin: true
[2026-06-30T16:05:15.790Z] [GET_NOTIF] Trả về thành công 0 thông báo.
[2026-06-30T16:05:16.643Z] [GET_NOTIF] Yêu cầu lấy thông báo. User: AD01, Role: admin, isAdmin: true
[2026-06-30T16:05:16.888Z] [GET_NOTIF] Trả về thành công 0 thông báo.
[2026-06-30T16:05:16.893Z] [GET_NOTIF] Yêu cầu lấy thông báo. User: AD01, Role: admin, isAdmin: true
[2026-06-30T16:05:17.136Z] [GET_NOTIF] Trả về thành công 0 thông báo.
[2026-06-30T16:18:16.235Z] [GET_NOTIF] Yêu cầu lấy thông báo. User: AD01, Role: admin, isAdmin: true
[2026-06-30T16:18:16.332Z] [GET_NOTIF] Yêu cầu lấy thông báo. User: AD01, Role: admin, isAdmin: true
[2026-06-30T16:18:16.483Z] [GET_NOTIF] Yêu cầu lấy thông báo. User: AD01, Role: admin, isAdmin: true
[2026-06-30T16:18:18.173Z] [GET_NOTIF] Trả về thành công 0 thông báo.
[2026-06-30T16:18:18.239Z] [GET_NOTIF] Trả về thành công 0 thông báo.
[2026-06-30T16:18:18.244Z] [GET_NOTIF] Yêu cầu lấy thông báo. User: AD01, Role: admin, isAdmin: true
[2026-06-30T16:18:18.368Z] [GET_NOTIF] Trả về thành công 0 thông báo.
[2026-06-30T16:18:18.496Z] [GET_NOTIF] Trả về thành công 0 thông báo.
[2026-06-30T16:18:37.510Z] [GET_NOTIF] Yêu cầu lấy thông báo. User: AD01, Role: admin, isAdmin: true
[2026-06-30T16:18:37.764Z] [GET_NOTIF] Trả về thành công 0 thông báo.
[2026-06-30T16:18:37.768Z] [GET_NOTIF] Yêu cầu lấy thông báo. User: AD01, Role: admin, isAdmin: true
[2026-06-30T16:18:38.020Z] [GET_NOTIF] Trả về thành công 0 thông báo.
[2026-06-30T16:18:43.403Z] [GET_NOTIF] Yêu cầu lấy thông báo. User: AD01, Role: admin, isAdmin: true
[2026-06-30T16:18:43.647Z] [GET_NOTIF] Yêu cầu lấy thông báo. User: AD01, Role: admin, isAdmin: true
[2026-06-30T16:18:43.649Z] [GET_NOTIF] Trả về thành công 0 thông báo.
[2026-06-30T16:18:43.900Z] [GET_NOTIF] Trả về thành công 0 thông báo.
[2026-06-30T16:18:43.904Z] [GET_NOTIF] Yêu cầu lấy thông báo. User: AD01, Role: admin, isAdmin: true
[2026-06-30T16:18:44.158Z] [GET_NOTIF] Trả về thành công 0 thông báo.
[2026-06-30T16:18:45.071Z] [GET_NOTIF] Yêu cầu lấy thông báo. User: AD01, Role: admin, isAdmin: true
[2026-06-30T16:18:45.310Z] [GET_NOTIF] Trả về thành công 0 thông báo.
[2026-06-30T16:18:45.315Z] [GET_NOTIF] Yêu cầu lấy thông báo. User: AD01, Role: admin, isAdmin: true
[2026-06-30T16:18:45.552Z] [GET_NOTIF] Trả về thành công 0 thông báo.
[2026-06-30T16:18:46.467Z] [GET_NOTIF] Yêu cầu lấy thông báo. User: AD01, Role: admin, isAdmin: true
[2026-06-30T16:18:46.704Z] [GET_NOTIF] Trả về thành công 0 thông báo.
[2026-06-30T16:18:46.711Z] [GET_NOTIF] Yêu cầu lấy thông báo. User: AD01, Role: admin, isAdmin: true
[2026-06-30T16:18:46.948Z] [GET_NOTIF] Trả về thành công 0 thông báo.
[2026-06-30T16:18:47.749Z] [GET_NOTIF] Yêu cầu lấy thông báo. User: AD01, Role: admin, isAdmin: true
[2026-06-30T16:18:47.985Z] [GET_NOTIF] Trả về thành công 0 thông báo.
[2026-06-30T16:18:47.990Z] [GET_NOTIF] Yêu cầu lấy thông báo. User: AD01, Role: admin, isAdmin: true
[2026-06-30T16:18:48.228Z] [GET_NOTIF] Trả về thành công 0 thông báo.
[2026-06-30T16:18:49.082Z] [GET_NOTIF] Yêu cầu lấy thông báo. User: AD01, Role: admin, isAdmin: true
[2026-06-30T16:18:49.341Z] [GET_NOTIF] Trả về thành công 0 thông báo.
[2026-06-30T16:18:49.345Z] [GET_NOTIF] Yêu cầu lấy thông báo. User: AD01, Role: admin, isAdmin: true
[2026-06-30T16:18:49.603Z] [GET_NOTIF] Trả về thành công 0 thông báo.
[2026-06-30T16:19:17.557Z] [GET_NOTIF] Yêu cầu lấy thông báo. User: AD01, Role: admin, isAdmin: true
[2026-06-30T16:19:17.811Z] [GET_NOTIF] Trả về thành công 0 thông báo.
[2026-06-30T16:19:17.814Z] [GET_NOTIF] Yêu cầu lấy thông báo. User: AD01, Role: admin, isAdmin: true
[2026-06-30T16:19:18.068Z] [GET_NOTIF] Trả về thành công 0 thông báo.
[2026-06-30T16:19:54.624Z] [GET_NOTIF] Yêu cầu lấy thông báo. User: AU01, Role: author, isAdmin: false
[2026-06-30T16:19:56.601Z] [GET_NOTIF] Trả về thành công 0 thông báo.
[2026-06-30T16:19:56.607Z] [GET_NOTIF] Yêu cầu lấy thông báo. User: AU01, Role: author, isAdmin: false
[2026-06-30T16:19:56.851Z] [GET_NOTIF] Trả về thành công 0 thông báo.
[2026-06-30T16:20:24.616Z] [GET_NOTIF] Yêu cầu lấy thông báo. User: AU01, Role: author, isAdmin: false
[2026-06-30T16:20:24.858Z] [GET_NOTIF] Trả về thành công 0 thông báo.
[2026-06-30T16:20:54.905Z] [GET_NOTIF] Yêu cầu lấy thông báo. User: AU01, Role: author, isAdmin: false
[2026-06-30T16:20:55.147Z] [GET_NOTIF] Trả về thành công 0 thông báo.
[2026-06-30T16:21:24.908Z] [GET_NOTIF] Yêu cầu lấy thông báo. User: AU01, Role: author, isAdmin: false
[2026-06-30T16:21:25.149Z] [GET_NOTIF] Trả về thành công 0 thông báo.
[2026-06-30T16:21:54.897Z] [GET_NOTIF] Yêu cầu lấy thông báo. User: AU01, Role: author, isAdmin: false
[2026-06-30T16:21:55.138Z] [GET_NOTIF] Trả về thành công 0 thông báo.
[2026-06-30T16:22:24.901Z] [GET_NOTIF] Yêu cầu lấy thông báo. User: AU01, Role: author, isAdmin: false
[2026-06-30T16:22:25.142Z] [GET_NOTIF] Trả về thành công 0 thông báo.
[2026-06-30T16:22:54.895Z] [GET_NOTIF] Yêu cầu lấy thông báo. User: AU01, Role: author, isAdmin: false
[2026-06-30T16:22:55.136Z] [GET_NOTIF] Trả về thành công 0 thông báo.
[2026-06-30T16:23:57.906Z] [GET_NOTIF] Yêu cầu lấy thông báo. User: AU01, Role: author, isAdmin: false
[2026-06-30T16:24:00.165Z] [GET_NOTIF] Trả về thành công 0 thông báo.
[2026-06-30T16:24:57.908Z] [GET_NOTIF] Yêu cầu lấy thông báo. User: AU01, Role: author, isAdmin: false
[2026-06-30T16:24:59.752Z] [GET_NOTIF] Trả về thành công 0 thông báo.
[2026-06-30T16:25:57.899Z] [GET_NOTIF] Yêu cầu lấy thông báo. User: AU01, Role: author, isAdmin: false
[2026-06-30T16:25:59.849Z] [GET_NOTIF] Trả về thành công 0 thông báo.
[2026-06-30T16:26:57.919Z] [GET_NOTIF] Yêu cầu lấy thông báo. User: AU01, Role: author, isAdmin: false
[2026-06-30T16:26:59.761Z] [GET_NOTIF] Trả về thành công 0 thông báo.
[2026-06-30T16:27:57.895Z] [GET_NOTIF] Yêu cầu lấy thông báo. User: AU01, Role: author, isAdmin: false
[2026-06-30T16:27:59.854Z] [GET_NOTIF] Trả về thành công 0 thông báo.
[2026-06-30T16:28:57.912Z] [GET_NOTIF] Yêu cầu lấy thông báo. User: AU01, Role: author, isAdmin: false
[2026-06-30T16:28:59.838Z] [GET_NOTIF] Trả về thành công 0 thông báo.
[2026-06-30T16:29:57.893Z] [GET_NOTIF] Yêu cầu lấy thông báo. User: AU01, Role: author, isAdmin: false
[2026-06-30T16:29:59.847Z] [GET_NOTIF] Trả về thành công 0 thông báo.
[2026-06-30T16:30:57.899Z] [GET_NOTIF] Yêu cầu lấy thông báo. User: AU01, Role: author, isAdmin: false
[2026-06-30T16:30:59.825Z] [GET_NOTIF] Trả về thành công 0 thông báo.
[2026-06-30T16:31:57.904Z] [GET_NOTIF] Yêu cầu lấy thông báo. User: AU01, Role: author, isAdmin: false
[2026-06-30T16:31:59.820Z] [GET_NOTIF] Trả về thành công 0 thông báo.
[2026-06-30T16:32:57.897Z] [GET_NOTIF] Yêu cầu lấy thông báo. User: AU01, Role: author, isAdmin: false
[2026-06-30T16:32:59.867Z] [GET_NOTIF] Trả về thành công 0 thông báo.
[2026-06-30T16:33:24.900Z] [GET_NOTIF] Yêu cầu lấy thông báo. User: AU01, Role: author, isAdmin: false
[2026-06-30T16:33:25.143Z] [GET_NOTIF] Trả về thành công 0 thông báo.
[2026-06-30T16:33:54.902Z] [GET_NOTIF] Yêu cầu lấy thông báo. User: AU01, Role: author, isAdmin: false
[2026-06-30T16:33:55.147Z] [GET_NOTIF] Trả về thành công 0 thông báo.
[2026-06-30T16:34:57.908Z] [GET_NOTIF] Yêu cầu lấy thông báo. User: AU01, Role: author, isAdmin: false
[2026-06-30T16:35:00.060Z] [GET_NOTIF] Trả về thành công 0 thông báo.
[2026-06-30T16:35:46.596Z] [GET_NOTIF] Yêu cầu lấy thông báo. User: AU01, Role: author, isAdmin: false
[2026-06-30T16:35:48.850Z] [GET_NOTIF] Trả về thành công 0 thông báo.
[2026-06-30T16:35:54.905Z] [GET_NOTIF] Yêu cầu lấy thông báo. User: AU01, Role: author, isAdmin: false
[2026-06-30T16:35:55.141Z] [GET_NOTIF] Trả về thành công 0 thông báo.
[2026-06-30T16:36:24.612Z] [GET_NOTIF] Yêu cầu lấy thông báo. User: AU01, Role: author, isAdmin: false
[2026-06-30T16:36:24.847Z] [GET_NOTIF] Trả về thành công 0 thông báo.
[2026-06-30T16:36:54.895Z] [GET_NOTIF] Yêu cầu lấy thông báo. User: AU01, Role: author, isAdmin: false
[2026-06-30T16:36:56.737Z] [GET_NOTIF] Trả về thành công 0 thông báo.
